{
  "0 debug pnpm:scope": {
    "selected": 1
  },
  "1 info pnpm": {
    "err": {
      "name": "Error",
      "message": "not found: insatll",
      "code": "ENOENT",
      "stack": "Error: not found: insatll\n    at getNotFoundError (/opt/homebrew/Cellar/pnpm/7.1.0/libexec/lib/node_modules/pnpm/dist/pnpm.cjs:41670:51)\n    at Function.whichSync [as sync] (/opt/homebrew/Cellar/pnpm/7.1.0/libexec/lib/node_modules/pnpm/dist/pnpm.cjs:41747:13)\n    at getCommandAbsolutePathSync (/opt/homebrew/Cellar/pnpm/7.1.0/libexec/lib/node_modules/pnpm/dist/pnpm.cjs:43312:44)\n    at default_1 (/opt/homebrew/Cellar/pnpm/7.1.0/libexec/lib/node_modules/pnpm/dist/pnpm.cjs:43321:32)\n    at /opt/homebrew/Cellar/pnpm/7.1.0/libexec/lib/node_modules/pnpm/dist/pnpm.cjs:172142:39"
    }
  },
  "2 error pnpm": {
    "code": "ERR_PNPM_RECURSIVE_EXEC_FIRST_FAIL",
    "prefix": "/Users/jessetran/Coding/money-tracker-chakra-ui",
    "err": {
      "name": "pnpm",
      "message": "not found: insatll",
      "code": "ERR_PNPM_RECURSIVE_EXEC_FIRST_FAIL",
      "stack": "Error: not found: insatll\n    at getNotFoundError (/opt/homebrew/Cellar/pnpm/7.1.0/libexec/lib/node_modules/pnpm/dist/pnpm.cjs:41670:51)\n    at Function.whichSync [as sync] (/opt/homebrew/Cellar/pnpm/7.1.0/libexec/lib/node_modules/pnpm/dist/pnpm.cjs:41747:13)\n    at getCommandAbsolutePathSync (/opt/homebrew/Cellar/pnpm/7.1.0/libexec/lib/node_modules/pnpm/dist/pnpm.cjs:43312:44)\n    at default_1 (/opt/homebrew/Cellar/pnpm/7.1.0/libexec/lib/node_modules/pnpm/dist/pnpm.cjs:43321:32)\n    at /opt/homebrew/Cellar/pnpm/7.1.0/libexec/lib/node_modules/pnpm/dist/pnpm.cjs:172142:39"
    }
  }
}